Determining if the pthread_create exist failed with the following output:
Change Dir: /u/halle/nguyetun/home_at/gbs/cmake-build-debug/CMakeFiles/CMakeTmp

Run Build Command:"/usr/bin/make" "cmTC_d8502/fast"
/usr/bin/make -f CMakeFiles/cmTC_d8502.dir/build.make CMakeFiles/cmTC_d8502.dir/build
make[1]: Entering directory '/u/halle/nguyetun/home_at/gbs/cmake-build-debug/CMakeFiles/CMakeTmp'
Building C object CMakeFiles/cmTC_d8502.dir/CheckSymbolExists.c.o
/usr/bin/cc   -std=gnu11 -o CMakeFiles/cmTC_d8502.dir/CheckSymbolExists.c.o   -c /u/halle/nguyetun/home_at/gbs/cmake-build-debug/CMakeFiles/CMakeTmp/CheckSymbolExists.c
Linking C executable cmTC_d8502
/u/halle/nguyetun/home_at/Documents/clion-2018.2.6/bin/cmake/linux/bin/cmake -E cmake_link_script CMakeFiles/cmTC_d8502.dir/link.txt --verbose=1
/usr/bin/cc      CMakeFiles/cmTC_d8502.dir/CheckSymbolExists.c.o  -o cmTC_d8502 
CMakeFiles/cmTC_d8502.dir/CheckSymbolExists.c.o: In function `main':
CheckSymbolExists.c:(.text+0x16): undefined reference to `pthread_create'
collect2: error: ld returned 1 exit status
CMakeFiles/cmTC_d8502.dir/build.make:86: recipe for target 'cmTC_d8502' failed
make[1]: *** [cmTC_d8502] Error 1
make[1]: Leaving directory '/u/halle/nguyetun/home_at/gbs/cmake-build-debug/CMakeFiles/CMakeTmp'
Makefile:121: recipe for target 'cmTC_d8502/fast' failed
make: *** [cmTC_d8502/fast] Error 2

File /u/halle/nguyetun/home_at/gbs/cmake-build-debug/CMakeFiles/CMakeTmp/CheckSymbolExists.c:
/* */
#include <pthread.h>

int main(int argc, char** argv)
{
  (void)argv;
#ifndef pthread_create
  return ((int*)(&pthread_create))[argc];
#else
  (void)argc;
  return 0;
#endif
}

